Performing C SOURCE FILE Test CMAKE_HAVE_LIBC_PTHREAD failed with the following output:
Change Dir: /home/gustavo/Documents/Work/courses/basic-c++/examples/concurrency/CMakeFiles/CMakeTmp

Run Build Command(s):/usr/bin/make cmTC_c33bb/fast && make[1]: Entering directory '/home/gustavo/Documents/Work/courses/basic-c++/examples/concurrency/CMakeFiles/CMakeTmp'
/usr/bin/make  -f CMakeFiles/cmTC_c33bb.dir/build.make CMakeFiles/cmTC_c33bb.dir/build
make[2]: Entering directory '/home/gustavo/Documents/Work/courses/basic-c++/examples/concurrency/CMakeFiles/CMakeTmp'
Building C object CMakeFiles/cmTC_c33bb.dir/src.c.o
/usr/bin/cc   -DCMAKE_HAVE_LIBC_PTHREAD -o CMakeFiles/cmTC_c33bb.dir/src.c.o -c /home/gustavo/Documents/Work/courses/basic-c++/examples/concurrency/CMakeFiles/CMakeTmp/src.c
Linking C executable cmTC_c33bb
/usr/local/bin/cmake -E cmake_link_script CMakeFiles/cmTC_c33bb.dir/link.txt --verbose=1
/usr/bin/cc  -DCMAKE_HAVE_LIBC_PTHREAD CMakeFiles/cmTC_c33bb.dir/src.c.o -o cmTC_c33bb 
CMakeFiles/cmTC_c33bb.dir/src.c.o: In function `main':
src.c:(.text+0x3e): undefined reference to `pthread_create'
src.c:(.text+0x4a): undefined reference to `pthread_detach'
src.c:(.text+0x56): undefined reference to `pthread_cancel'
src.c:(.text+0x67): undefined reference to `pthread_join'
src.c:(.text+0x7b): undefined reference to `pthread_atfork'
collect2: error: ld returned 1 exit status
CMakeFiles/cmTC_c33bb.dir/build.make:105: recipe for target 'cmTC_c33bb' failed
make[2]: *** [cmTC_c33bb] Error 1
make[2]: Leaving directory '/home/gustavo/Documents/Work/courses/basic-c++/examples/concurrency/CMakeFiles/CMakeTmp'
Makefile:140: recipe for target 'cmTC_c33bb/fast' failed
make[1]: *** [cmTC_c33bb/fast] Error 2
make[1]: Leaving directory '/home/gustavo/Documents/Work/courses/basic-c++/examples/concurrency/CMakeFiles/CMakeTmp'


Source file was:
#include <pthread.h>

void* test_func(void* data)
{
  return data;
}

int main(void)
{
  pthread_t thread;
  pthread_create(&thread, NULL, test_func, NULL);
  pthread_detach(thread);
  pthread_cancel(thread);
  pthread_join(thread, NULL);
  pthread_atfork(NULL, NULL, NULL);
  pthread_exit(NULL);

  return 0;
}

Determining if the function pthread_create exists in the pthreads failed with the following output:
Change Dir: /home/gustavo/Documents/Work/courses/basic-c++/examples/concurrency/CMakeFiles/CMakeTmp

Run Build Command(s):/usr/bin/make cmTC_6d492/fast && make[1]: Entering directory '/home/gustavo/Documents/Work/courses/basic-c++/examples/concurrency/CMakeFiles/CMakeTmp'
/usr/bin/make  -f CMakeFiles/cmTC_6d492.dir/build.make CMakeFiles/cmTC_6d492.dir/build
make[2]: Entering directory '/home/gustavo/Documents/Work/courses/basic-c++/examples/concurrency/CMakeFiles/CMakeTmp'
Building C object CMakeFiles/cmTC_6d492.dir/CheckFunctionExists.c.o
/usr/bin/cc   -DCHECK_FUNCTION_EXISTS=pthread_create -o CMakeFiles/cmTC_6d492.dir/CheckFunctionExists.c.o -c /usr/local/share/cmake-3.18/Modules/CheckFunctionExists.c
Linking C executable cmTC_6d492
/usr/local/bin/cmake -E cmake_link_script CMakeFiles/cmTC_6d492.dir/link.txt --verbose=1
/usr/bin/cc  -DCHECK_FUNCTION_EXISTS=pthread_create CMakeFiles/cmTC_6d492.dir/CheckFunctionExists.c.o -o cmTC_6d492  -lpthreads 
/usr/bin/ld: cannot find -lpthreads
collect2: error: ld returned 1 exit status
CMakeFiles/cmTC_6d492.dir/build.make:105: recipe for target 'cmTC_6d492' failed
make[2]: *** [cmTC_6d492] Error 1
make[2]: Leaving directory '/home/gustavo/Documents/Work/courses/basic-c++/examples/concurrency/CMakeFiles/CMakeTmp'
Makefile:140: recipe for target 'cmTC_6d492/fast' failed
make[1]: *** [cmTC_6d492/fast] Error 2
make[1]: Leaving directory '/home/gustavo/Documents/Work/courses/basic-c++/examples/concurrency/CMakeFiles/CMakeTmp'



